time="2021-06-09T23:32:13+02:00" level=info msg="Server started" func=main.main file="C:/Users/Dusan/Desktop/Magygram/relationship-service/main.go:37" host=localhost port=463
time="2021-06-09T23:41:51+02:00" level=info msg="Server started" func=main.main file="C:/Users/Dusan/Desktop/Magygram/relationship-service/main.go:37" host=localhost port=463
time="2021-06-09T23:49:58+02:00" level=info msg="Server started" func=main.main file="C:/Users/Dusan/Desktop/Magygram/relationship-service/main.go:37" host=localhost port=463
time="2021-06-09T23:50:07+02:00" level=info msg="User node created" func="relationship-service/service.(*followService).CreateUser" file="C:/Users/Dusan/Desktop/Magygram/relationship-service/service/follow_service.go:91" request_ip="::1" user_id=b105f72b-d4b1-4f07-82f1-26de708c882a
time="2021-06-10T00:01:31+02:00" level=info msg="User node created" func="relationship-service/service.(*followService).CreateUser" file="C:/Users/Dusan/Desktop/Magygram/relationship-service/service/follow_service.go:91" request_ip="::1" user_id=a97bb285-5da0-43e1-8855-046c5c2519f9
time="2021-06-10T00:53:14+02:00" level=info msg="Server started" func=main.main file="C:/Users/Dusan/Desktop/Magygram/relationship-service/main.go:37" host=localhost port=463
time="2021-06-10T00:57:26+02:00" level=info msg="User node created" func="relationship-service/service.(*followService).CreateUser" file="C:/Users/Dusan/Desktop/Magygram/relationship-service/service/follow_service.go:100" request_ip="::1" user_id=f53bb8ed-e9ac-4c50-94b4-ee32ca85a52d
time="2021-06-10T01:00:10+02:00" level=info msg="User followed" func="relationship-service/service.(*followService).FollowRequest" file="C:/Users/Dusan/Desktop/Magygram/relationship-service/service/follow_service.go:59" object_id=b105f72b-d4b1-4f07-82f1-26de708c882a request_ip="::1" subject_id=f53bb8ed-e9ac-4c50-94b4-ee32ca85a52d
time="2021-06-10T01:00:23+02:00" level=info msg="User unfollowed" func="relationship-service/service.(*followService).Unfollow" file="C:/Users/Dusan/Desktop/Magygram/relationship-service/service/follow_service.go:72" object_id=b105f72b-d4b1-4f07-82f1-26de708c882a request_ip="::1" subject_id=f53bb8ed-e9ac-4c50-94b4-ee32ca85a52d
time="2021-06-10T01:00:34+02:00" level=info msg="User followed" func="relationship-service/service.(*followService).FollowRequest" file="C:/Users/Dusan/Desktop/Magygram/relationship-service/service/follow_service.go:59" object_id=b105f72b-d4b1-4f07-82f1-26de708c882a request_ip="::1" subject_id=f53bb8ed-e9ac-4c50-94b4-ee32ca85a52d
time="2021-06-10T01:00:51+02:00" level=info msg="Follow request created" func="relationship-service/service.(*followService).FollowRequest" file="C:/Users/Dusan/Desktop/Magygram/relationship-service/service/follow_service.go:49" object_id=f53bb8ed-e9ac-4c50-94b4-ee32ca85a52d request_ip="::1" subject_id=b105f72b-d4b1-4f07-82f1-26de708c882a
time="2021-06-10T01:04:11+02:00" level=info msg="Follow request accepted" func="relationship-service/service.(*followService).AcceptFollowRequest" file="C:/Users/Dusan/Desktop/Magygram/relationship-service/service/follow_service.go:121" object_id=f53bb8ed-e9ac-4c50-94b4-ee32ca85a52d request_ip="::1" subject_id=b105f72b-d4b1-4f07-82f1-26de708c882a
time="2021-06-10T01:16:57+02:00" level=error msg="Get followed users, database fetch failure" func="relationship-service/service.(*followService).ReturnFollowedUsers" file="C:/Users/Dusan/Desktop/Magygram/relationship-service/service/follow_service.go:128" request_ip="::1" user_id=b105f72b-d4b1-4f07-82f1-26de708c882a
time="2021-06-10T01:19:06+02:00" level=error msg="Unfollow user, database failure" func="relationship-service/service.(*followService).Unfollow" file="C:/Users/Dusan/Desktop/Magygram/relationship-service/service/follow_service.go:68" object_id=b105f72b-d4b1-4f07-82f1-26de708c882a request_ip="::1" subject_id=f53bb8ed-e9ac-4c50-94b4-ee32ca85a52d
time="2021-06-10T01:19:06+02:00" level=info msg="User unfollowed" func="relationship-service/service.(*followService).Unfollow" file="C:/Users/Dusan/Desktop/Magygram/relationship-service/service/follow_service.go:72" object_id=b105f72b-d4b1-4f07-82f1-26de708c882a request_ip="::1" subject_id=f53bb8ed-e9ac-4c50-94b4-ee32ca85a52d
time="2021-06-10T01:20:03+02:00" level=info msg="Server started" func=main.main file="C:/Users/Dusan/Desktop/Magygram/relationship-service/main.go:37" host=localhost port=463
time="2021-06-11T15:57:12+02:00" level=info msg="Server started" func=main.main file="C:/Users/Nikola/Desktop/XML/Magygram/relationship-service/main.go:37" host=localhost port=463
time="2021-06-11T15:57:24+02:00" level=info msg="User node created" func="relationship-service/service.(*followService).CreateUser" file="C:/Users/Nikola/Desktop/XML/Magygram/relationship-service/service/follow_service.go:102" request_ip="::1" user_id=47038bf8-12f6-4100-a75b-8755b87f53f9
time="2021-06-11T16:00:13+02:00" level=info msg="User node created" func="relationship-service/service.(*followService).CreateUser" file="C:/Users/Nikola/Desktop/XML/Magygram/relationship-service/service/follow_service.go:102" request_ip="::1" user_id=99f0ee5e-1bae-483b-9d36-194a787ada2f
time="2021-06-11T16:00:25+02:00" level=info msg="User node created" func="relationship-service/service.(*followService).CreateUser" file="C:/Users/Nikola/Desktop/XML/Magygram/relationship-service/service/follow_service.go:102" request_ip="::1" user_id=e9c5a18e-e3e8-465e-b9c6-0e7b6274c791
time="2021-06-11T16:11:10+02:00" level=info msg="User node created" func="relationship-service/service.(*followService).CreateUser" file="C:/Users/Nikola/Desktop/XML/Magygram/relationship-service/service/follow_service.go:102" request_ip="::1" user_id=68998147-0bb1-497c-ae1c-89e4090467a8
time="2021-06-11T16:15:45+02:00" level=info msg="User node created" func="relationship-service/service.(*followService).CreateUser" file="C:/Users/Nikola/Desktop/XML/Magygram/relationship-service/service/follow_service.go:102" request_ip="::1" user_id=dffb52f2-9b86-4dc3-acd4-91e4d4b0e61e
time="2021-06-11T19:02:48+02:00" level=info msg="User node created" func="relationship-service/service.(*followService).CreateUser" file="C:/Users/Nikola/Desktop/XML/Magygram/relationship-service/service/follow_service.go:102" request_ip="::1" user_id=4c0f283d-8d64-46a9-be32-7251a2c63dd8
time="2021-06-11T19:12:24+02:00" level=info msg="User node created" func="relationship-service/service.(*followService).CreateUser" file="C:/Users/Nikola/Desktop/XML/Magygram/relationship-service/service/follow_service.go:102" request_ip="::1" user_id=3e71ee6d-6f8e-4d89-8592-b5a52ebc9ddd
time="2021-06-11T20:39:41+02:00" level=info msg="Server started" func=main.main file="C:/Users/Nikola/Desktop/XML/Magygram/relationship-service/main.go:37" host=localhost port=463
time="2021-06-11T21:20:39+02:00" level=info msg="User node created" func="relationship-service/service.(*followService).CreateUser" file="C:/Users/Nikola/Desktop/XML/Magygram/relationship-service/service/follow_service.go:102" request_ip="::1" user_id=32dbccb1-5308-430a-8fd1-b5188f781efe
time="2021-06-11T21:35:00+02:00" level=info msg="Server started" func=main.main file="C:/Users/Nikola/Desktop/XML/Magygram/relationship-service/main.go:37" host=localhost port=463
time="2021-06-11T21:35:22+02:00" level=info msg="User node created" func="relationship-service/service.(*followService).CreateUser" file="C:/Users/Nikola/Desktop/XML/Magygram/relationship-service/service/follow_service.go:102" request_ip="::1" user_id=3abf3557-2871-4d49-bb76-aaa193beee4d
time="2021-06-11T23:34:58+02:00" level=info msg="User node created" func="relationship-service/service.(*followService).CreateUser" file="C:/Users/Nikola/Desktop/XML/Magygram/relationship-service/service/follow_service.go:102" request_ip="::1" user_id=7d922786-0380-4b4f-9f90-a9baca18c3b4
time="2021-06-11T23:42:00+02:00" level=info msg="Server started" func=main.main file="C:/Users/Nikola/Desktop/XML/Magygram/relationship-service/main.go:37" host=localhost port=463
time="2021-06-12T00:04:59+02:00" level=info msg="User node created" func="relationship-service/service.(*followService).CreateUser" file="C:/Users/Nikola/Desktop/XML/Magygram/relationship-service/service/follow_service.go:102" request_ip="::1" user_id=d06d7544-c0b0-428f-8edb-84f94589c952
time="2021-06-12T00:05:41+02:00" level=info msg="Follow request created" func="relationship-service/service.(*followService).FollowRequest" file="C:/Users/Nikola/Desktop/XML/Magygram/relationship-service/service/follow_service.go:49" object_id=7d922786-0380-4b4f-9f90-a9baca18c3b4 request_ip="::1" subject_id=d06d7544-c0b0-428f-8edb-84f94589c952
time="2021-06-12T00:07:41+02:00" level=info msg="Follow request accepted" func="relationship-service/service.(*followService).AcceptFollowRequest" file="C:/Users/Nikola/Desktop/XML/Magygram/relationship-service/service/follow_service.go:123" object_id=7d922786-0380-4b4f-9f90-a9baca18c3b4 request_ip="::1" subject_id=d06d7544-c0b0-428f-8edb-84f94589c952
time="2021-06-12T00:07:47+02:00" level=info msg="Follow request created" func="relationship-service/service.(*followService).FollowRequest" file="C:/Users/Nikola/Desktop/XML/Magygram/relationship-service/service/follow_service.go:49" object_id=d06d7544-c0b0-428f-8edb-84f94589c952 request_ip="::1" subject_id=7d922786-0380-4b4f-9f90-a9baca18c3b4
time="2021-06-12T01:26:36+02:00" level=info msg="Server started" func=main.main file="C:/Users/Nikola/Desktop/XML/Magygram/relationship-service/main.go:37" host=localhost port=463
