<<<<<<< HEAD
time="2021-06-09T23:33:29+02:00" level=info msg="Server started" func=main.main file="C:/Users/Dusan/Desktop/Magygram/media-service/main.go:32" host=localhost port=465
time="2021-06-09T23:48:26+02:00" level=info msg="Server started" func=main.main file="C:/Users/Dusan/Desktop/Magygram/media-service/main.go:32" host=localhost port=465
time="2021-06-10T00:46:06+02:00" level=info msg="Files saved" func=media-service/service.mediaService.SaveMedia file="C:/Users/Dusan/Desktop/Magygram/media-service/service/media_service.go:47" file_paths="[{/api/media/f742e76e-f7f7-4e52-8ef9-750145801d9e.jpg IMAGE} {/api/media/f411e0e6-35c2-4715-8fe5-a582a9ab050f.jpg IMAGE}]" request_ip="::1"
time="2021-06-10T01:01:17+02:00" level=info msg="Files saved" func=media-service/service.mediaService.SaveMedia file="C:/Users/Dusan/Desktop/Magygram/media-service/service/media_service.go:47" file_paths="[{/api/media/dc4952e7-6927-40e5-af76-79bf7bdd6184.jpg IMAGE}]" request_ip="::1"
time="2021-06-10T01:28:25+02:00" level=info msg="Files saved" func=media-service/service.mediaService.SaveMedia file="C:/Users/Dusan/Desktop/Magygram/media-service/service/media_service.go:47" file_paths="[{/api/media/cda74917-4cca-40c2-b470-001653efc288.jpg IMAGE}]" request_ip="::1"
time="2021-06-11T16:24:41+02:00" level=info msg="Server started" func=main.main file="C:/Users/Nikola/Desktop/XML/Magygram/media-service/main.go:32" host=localhost port=465
time="2021-06-11T16:24:46+02:00" level=info msg="Files saved" func=media-service/service.mediaService.SaveMedia file="C:/Users/Nikola/Desktop/XML/Magygram/media-service/service/media_service.go:47" file_paths="[{/api/media/95dd1556-123e-499a-9057-43accc8ed0c5.jpg IMAGE}]" request_ip="::1"
time="2021-06-11T19:13:27+02:00" level=info msg="Files saved" func=media-service/service.mediaService.SaveMedia file="C:/Users/Nikola/Desktop/XML/Magygram/media-service/service/media_service.go:47" file_paths="[{/api/media/cbf1a60e-33c2-4b04-8ac9-1084f39fc4db.jpg IMAGE}]" request_ip="::1"
time="2021-06-11T19:14:07+02:00" level=info msg="Files saved" func=media-service/service.mediaService.SaveMedia file="C:/Users/Nikola/Desktop/XML/Magygram/media-service/service/media_service.go:47" file_paths="[{/api/media/e912c6ae-c332-4c1f-9e8c-a4b439f4d5bc.jpg IMAGE}]" request_ip="::1"
time="2021-06-11T19:15:07+02:00" level=info msg="Files saved" func=media-service/service.mediaService.SaveMedia file="C:/Users/Nikola/Desktop/XML/Magygram/media-service/service/media_service.go:47" file_paths="[{/api/media/923eca8e-f773-41c9-9e5c-948efb92cf1b.jpg IMAGE}]" request_ip="::1"
time="2021-06-11T20:39:26+02:00" level=info msg="Server started" func=main.main file="C:/Users/Nikola/Desktop/XML/Magygram/media-service/main.go:32" host=localhost port=465
time="2021-06-11T21:18:52+02:00" level=info msg="Files saved" func=media-service/service.mediaService.SaveMedia file="C:/Users/Nikola/Desktop/XML/Magygram/media-service/service/media_service.go:47" file_paths="[{/api/media/75a7f969-362b-4546-b1ca-feea2b2befbe.jpg IMAGE}]" request_ip="::1"
time="2021-06-11T21:38:55+02:00" level=info msg="Server started" func=main.main file="C:/Users/Nikola/Desktop/XML/Magygram/media-service/main.go:32" host=localhost port=465
time="2021-06-11T23:39:06+02:00" level=info msg="Files saved" func=media-service/service.mediaService.SaveMedia file="C:/Users/Nikola/Desktop/XML/Magygram/media-service/service/media_service.go:47" file_paths="[{/api/media/11c26ce9-bddb-48e3-b61a-24e9f04ba28f.jpg IMAGE}]" request_ip="::1"
time="2021-06-11T23:41:42+02:00" level=info msg="Server started" func=main.main file="C:/Users/Nikola/Desktop/XML/Magygram/media-service/main.go:32" host=localhost port=465
time="2021-06-11T23:58:45+02:00" level=info msg="Files saved" func=media-service/service.mediaService.SaveMedia file="C:/Users/Nikola/Desktop/XML/Magygram/media-service/service/media_service.go:47" file_paths="[{/api/media/730234a2-7ade-41cd-ba9e-299ed6ca5a8c.jpg IMAGE}]" request_ip="::1"
time="2021-06-12T00:02:11+02:00" level=info msg="Files saved" func=media-service/service.mediaService.SaveMedia file="C:/Users/Nikola/Desktop/XML/Magygram/media-service/service/media_service.go:47" file_paths="[{/api/media/8a17182a-b0d4-423a-a27c-1ff1926d9a13.jpg IMAGE}]" request_ip="::1"
time="2021-06-12T00:05:53+02:00" level=info msg="Files saved" func=media-service/service.mediaService.SaveMedia file="C:/Users/Nikola/Desktop/XML/Magygram/media-service/service/media_service.go:47" file_paths="[{/api/media/4df8a2a4-17d1-42dc-bf1e-4399367fc592.jpg IMAGE}]" request_ip="::1"
time="2021-06-12T00:09:17+02:00" level=info msg="Files saved" func=media-service/service.mediaService.SaveMedia file="C:/Users/Nikola/Desktop/XML/Magygram/media-service/service/media_service.go:47" file_paths="[{/api/media/2c9d0430-7a6f-48e0-9252-8ae4c5fdcd36.jpg IMAGE}]" request_ip="::1"
time="2021-06-12T00:23:33+02:00" level=info msg="Files saved" func=media-service/service.mediaService.SaveMedia file="C:/Users/Nikola/Desktop/XML/Magygram/media-service/service/media_service.go:47" file_paths="[{/api/media/b38f2e95-6e3b-4525-bf26-ddc8fbb2e197.jpg IMAGE}]" request_ip="::1"
time="2021-06-12T00:36:39+02:00" level=info msg="Files saved" func=media-service/service.mediaService.SaveMedia file="C:/Users/Nikola/Desktop/XML/Magygram/media-service/service/media_service.go:47" file_paths="[{/api/media/1b1be7c0-4533-4f98-a639-793b0815ad28.jpg IMAGE}]" request_ip="::1"
time="2021-06-12T01:26:14+02:00" level=info msg="Server started" func=main.main file="C:/Users/Nikola/Desktop/XML/Magygram/media-service/main.go:32" host=localhost port=465
time="2021-06-12T14:31:42+02:00" level=info msg="Server started" func=main.main file="C:/Users/Dusan/Desktop/Magygram/media-service/main.go:32" host=localhost port=465
time="2021-06-12T14:54:50+02:00" level=info msg="Files saved" func=media-service/service.mediaService.SaveMedia file="C:/Users/Dusan/Desktop/Magygram/media-service/service/media_service.go:47" file_paths="[{/api/media/d09efcfd-871e-4f23-949b-a533b652e54f.jpg IMAGE} {/api/media/dee59558-dc47-4c94-826e-ca70543f2445.jpg IMAGE}]" request_ip="::1"
time="2021-06-12T14:55:09+02:00" level=info msg="Files saved" func=media-service/service.mediaService.SaveMedia file="C:/Users/Dusan/Desktop/Magygram/media-service/service/media_service.go:47" file_paths="[{/api/media/51e8bd07-01bf-4f55-ac3a-3003a0d2dd8b.jpg IMAGE}]" request_ip="::1"
time="2021-06-12T14:55:31+02:00" level=info msg="Files saved" func=media-service/service.mediaService.SaveMedia file="C:/Users/Dusan/Desktop/Magygram/media-service/service/media_service.go:47" file_paths="[{/api/media/3cec69ce-70e5-4806-bd56-1d6a2601f14b.jpg IMAGE}]" request_ip="::1"
time="2021-06-12T14:58:06+02:00" level=info msg="Files saved" func=media-service/service.mediaService.SaveMedia file="C:/Users/Dusan/Desktop/Magygram/media-service/service/media_service.go:47" file_paths="[{/api/media/99a052ad-e2b8-42ef-a12d-01913453bb33.jpg IMAGE}]" request_ip="::1"
time="2021-06-12T15:18:24+02:00" level=info msg="Files saved" func=media-service/service.mediaService.SaveMedia file="C:/Users/Dusan/Desktop/Magygram/media-service/service/media_service.go:47" file_paths="[{/api/media/bee99e8e-09e8-4707-8f3a-d8d8247021e2.png IMAGE} {/api/media/1a0f3537-67bf-4875-8b13-9b42b8368cf6.jpg IMAGE}]" request_ip="::1"
time="2021-06-12T15:42:23+02:00" level=info msg="Files saved" func=media-service/service.mediaService.SaveMedia file="C:/Users/Dusan/Desktop/Magygram/media-service/service/media_service.go:47" file_paths="[{/api/media/42285e50-0361-4916-8194-7d492e078de7.jpg IMAGE} {/api/media/66500a91-c357-4039-96be-27fa957dff52.png IMAGE}]" request_ip="::1"
time="2021-06-12T15:43:02+02:00" level=info msg="Files saved" func=media-service/service.mediaService.SaveMedia file="C:/Users/Dusan/Desktop/Magygram/media-service/service/media_service.go:47" file_paths="[{/api/media/c1e5925e-fb92-4ad4-906f-61eebffa4eac.png IMAGE}]" request_ip="::1"
time="2021-06-12T15:49:51+02:00" level=info msg="Files saved" func=media-service/service.mediaService.SaveMedia file="C:/Users/Dusan/Desktop/Magygram/media-service/service/media_service.go:47" file_paths="[{/api/media/d8961d37-aacc-4104-a069-bdf348e3a065.png IMAGE} {/api/media/5c2e2b4c-48b9-4bb2-9209-2d3a6b9103c2.jpg IMAGE}]" request_ip="::1"
time="2021-06-12T16:52:08+02:00" level=info msg="Server started" func=main.main file="C:/Users/Nikola/Desktop/XML/Magygram/media-service/main.go:32" host=localhost port=465
=======
time="2021-06-11T23:37:53+02:00" level=info msg="Server started" func=main.main file="C:/Users/Dusan/Desktop/Magygram/media-service/main.go:34" host=localhost port=465
>>>>>>> develop
time="2021-06-15T15:11:45+02:00" level=info msg="Server started" func=main.main file="C:/Users/Dusan/Desktop/Magygram/media-service/main.go:34" host=localhost port=465
time="2021-06-15T22:13:27+02:00" level=info msg="Server started" func=main.main file="C:/Users/Jel/Desktop/magigram/Magygram/media-service/main.go:34" host=localhost port=465
time="2021-06-15T22:22:03+02:00" level=info msg="Files saved" func=media-service/service.mediaService.SaveMedia file="C:/Users/Jel/Desktop/magigram/Magygram/media-service/service/media_service.go:47" file_paths="[{/api/media/40a72aae-40a2-4880-9444-5093a4bafad7.png IMAGE}]" request_ip="::1"
time="2021-06-15T22:22:27+02:00" level=info msg="Files saved" func=media-service/service.mediaService.SaveMedia file="C:/Users/Jel/Desktop/magigram/Magygram/media-service/service/media_service.go:47" file_paths="[{/api/media/0977b32f-3ff7-41a4-ab92-5feec07e7379.png IMAGE}]" request_ip="::1"
time="2021-06-15T23:24:05+02:00" level=info msg="Server started" func=main.main file="C:/Users/Jel/Desktop/magigram/Magygram/media-service/main.go:34" host=localhost port=465
<<<<<<< HEAD
time="2021-06-16T17:11:20+02:00" level=info msg="Server started" func=main.main file="C:/Users/Dusan/Desktop/Magygram/media-service/main.go:34" host=localhost port=465
time="2021-06-16T17:19:31+02:00" level=info msg="Files saved" func=media-service/service.mediaService.SaveMedia file="C:/Users/Dusan/Desktop/Magygram/media-service/service/media_service.go:47" file_paths="[{/api/media/bb4fa0b2-c1c0-4722-9461-2c006290151d.jpg IMAGE}]" request_ip="::1"
time="2021-06-16T17:29:47+02:00" level=info msg="Files saved" func=media-service/service.mediaService.SaveMedia file="C:/Users/Dusan/Desktop/Magygram/media-service/service/media_service.go:47" file_paths="[{/api/media/972c3da3-02f6-4c9c-9061-e9e3ad0e316e.jpg IMAGE}]" request_ip="::1"
time="2021-06-16T22:43:25+02:00" level=info msg="Server started" func=main.main file="C:/Users/Dusan/Desktop/Magygram/media-service/main.go:34" host=localhost port=465
time="2021-06-16T22:46:24+02:00" level=info msg="Files saved" func=media-service/service.mediaService.SaveMedia file="C:/Users/Dusan/Desktop/Magygram/media-service/service/media_service.go:47" file_paths="[{/api/media/5bbb7e9a-8058-4c70-ad75-0f133a25774c.jpg IMAGE}]" request_ip="::1"
time="2021-06-16T22:53:52+02:00" level=info msg="Files saved" func=media-service/service.mediaService.SaveMedia file="C:/Users/Dusan/Desktop/Magygram/media-service/service/media_service.go:47" file_paths="[{/api/media/3c974d78-d67f-4c1c-ae26-199e8311c7d7.jpg IMAGE} {/api/media/c52a5e51-befd-4e0c-a729-58aef31f1d21.png IMAGE}]" request_ip="::1"
time="2021-06-16T22:55:08+02:00" level=info msg="Files saved" func=media-service/service.mediaService.SaveMedia file="C:/Users/Dusan/Desktop/Magygram/media-service/service/media_service.go:47" file_paths="[{/api/media/abbcd13d-e345-4ad6-95a0-65304d97b41e.png IMAGE} {/api/media/5c2519a5-474c-4e6e-8cac-947523fb7a14.jpg IMAGE}]" request_ip="::1"
time="2021-06-16T22:56:23+02:00" level=info msg="Files saved" func=media-service/service.mediaService.SaveMedia file="C:/Users/Dusan/Desktop/Magygram/media-service/service/media_service.go:47" file_paths="[{/api/media/55457a57-afa0-4812-9b5b-4a02baafe611.png IMAGE}]" request_ip="::1"
time="2021-06-16T23:14:16+02:00" level=info msg="Files saved" func=media-service/service.mediaService.SaveMedia file="C:/Users/Dusan/Desktop/Magygram/media-service/service/media_service.go:47" file_paths="[{/api/media/e2a8b0e7-d556-4a40-a26e-0bb090e58904.jpg IMAGE}]" request_ip="::1"
time="2021-06-16T23:16:14+02:00" level=info msg="Files saved" func=media-service/service.mediaService.SaveMedia file="C:/Users/Dusan/Desktop/Magygram/media-service/service/media_service.go:47" file_paths="[{/api/media/4d968948-097d-471f-9347-1a0b0ebfaa5f.png IMAGE}]" request_ip="::1"
time="2021-06-16T23:16:47+02:00" level=info msg="Files saved" func=media-service/service.mediaService.SaveMedia file="C:/Users/Dusan/Desktop/Magygram/media-service/service/media_service.go:47" file_paths="[{/api/media/1b2013d0-c43d-4a0f-ad4b-632d175dd533.png IMAGE}]" request_ip="::1"
time="2021-06-16T23:17:10+02:00" level=info msg="Files saved" func=media-service/service.mediaService.SaveMedia file="C:/Users/Dusan/Desktop/Magygram/media-service/service/media_service.go:47" file_paths="[{/api/media/4c448350-31f2-442a-b579-b38f0e97ff93.jpg IMAGE}]" request_ip="::1"
time="2021-06-17T00:40:21+02:00" level=info msg="Files saved" func=media-service/service.mediaService.SaveMedia file="C:/Users/Dusan/Desktop/Magygram/media-service/service/media_service.go:47" file_paths="[{/api/media/bf7537eb-b201-4994-8a4e-61b86ffb7944.png IMAGE}]" request_ip="::1"
time="2021-06-17T00:40:45+02:00" level=info msg="Files saved" func=media-service/service.mediaService.SaveMedia file="C:/Users/Dusan/Desktop/Magygram/media-service/service/media_service.go:47" file_paths="[{/api/media/74ab4df8-80c4-46b8-955c-74dcc7f4e20d.jpg IMAGE}]" request_ip="::1"
time="2021-06-17T00:42:44+02:00" level=info msg="Files saved" func=media-service/service.mediaService.SaveMedia file="C:/Users/Dusan/Desktop/Magygram/media-service/service/media_service.go:47" file_paths="[{/api/media/1edca6c7-ccaa-4d6d-b373-b6bf0470abe1.jpg IMAGE}]" request_ip="::1"
time="2021-06-17T00:42:54+02:00" level=info msg="Files saved" func=media-service/service.mediaService.SaveMedia file="C:/Users/Dusan/Desktop/Magygram/media-service/service/media_service.go:47" file_paths="[{/api/media/03018779-94ea-4250-8e98-fb1b51ac911c.jpg IMAGE}]" request_ip="::1"
time="2021-06-17T00:44:32+02:00" level=info msg="Files saved" func=media-service/service.mediaService.SaveMedia file="C:/Users/Dusan/Desktop/Magygram/media-service/service/media_service.go:47" file_paths="[{/api/media/6840f0cb-d70a-4b43-b17d-629e8353b8a3.jpg IMAGE}]" request_ip="::1"
time="2021-06-17T00:47:06+02:00" level=info msg="Files saved" func=media-service/service.mediaService.SaveMedia file="C:/Users/Dusan/Desktop/Magygram/media-service/service/media_service.go:47" file_paths="[{/api/media/ae3713bd-f863-48df-816e-65a4b4af5e9d.jpg IMAGE}]" request_ip="::1"
time="2021-06-17T00:47:38+02:00" level=info msg="Files saved" func=media-service/service.mediaService.SaveMedia file="C:/Users/Dusan/Desktop/Magygram/media-service/service/media_service.go:47" file_paths="[{/api/media/4ed6835b-3bad-43d9-b698-2026177491c1.jpg IMAGE}]" request_ip="::1"
time="2021-06-17T00:52:15+02:00" level=info msg="Files saved" func=media-service/service.mediaService.SaveMedia file="C:/Users/Dusan/Desktop/Magygram/media-service/service/media_service.go:47" file_paths="[{/api/media/dbe15506-90b1-451e-a0a6-f947e09598b1.jpg IMAGE}]" request_ip="::1"
time="2021-06-17T00:52:24+02:00" level=info msg="Files saved" func=media-service/service.mediaService.SaveMedia file="C:/Users/Dusan/Desktop/Magygram/media-service/service/media_service.go:47" file_paths="[{/api/media/ed1eec28-2481-48d1-9ccc-c44b3e09d174.jpg IMAGE}]" request_ip="::1"
=======
time="2021-06-16T12:53:56+02:00" level=info msg="Server started" func=main.main file="C:/Users/Jel/Desktop/magigram/Magygram/media-service/main.go:34" host=localhost port=465
time="2021-06-16T14:00:53+02:00" level=info msg="Files saved" func=media-service/service.mediaService.SaveMedia file="C:/Users/Jel/Desktop/magigram/Magygram/media-service/service/media_service.go:47" file_paths="[{/api/media/ce6f4a91-f771-4c47-bac2-69185a9785bd.png IMAGE}]" request_ip="::1"
time="2021-06-16T21:39:27+02:00" level=info msg="Server started" func=main.main file="C:/Users/Nikola/Desktop/XML/Magygram/media-service/main.go:34" host=localhost port=465
time="2021-06-16T21:46:47+02:00" level=info msg="Files saved" func=media-service/service.mediaService.SaveMedia file="C:/Users/Nikola/Desktop/XML/Magygram/media-service/service/media_service.go:47" file_paths="[{/api/media/5ff2ecfa-85f8-4ca9-8841-47097e1a73b5.jpg IMAGE}]" request_ip="::1"
time="2021-06-17T02:08:11+02:00" level=info msg="Files saved" func=media-service/service.mediaService.SaveMedia file="C:/Users/Nikola/Desktop/XML/Magygram/media-service/service/media_service.go:47" file_paths="[{/api/media/538ca4b8-1789-486e-a742-9e9ef818bf22.jpg IMAGE}]" request_ip="::1"
>>>>>>> develop
